  [1m[36m (42.3ms)[0m  [1mCREATE TABLE "schema_migrations" ("version" character varying NOT NULL) [0m
  [1m[35m (9.8ms)[0m  CREATE UNIQUE INDEX  "unique_schema_migrations" ON "schema_migrations"  ("version")
  [1m[36mActiveRecord::SchemaMigration Load (0.7ms)[0m  [1mSELECT "schema_migrations".* FROM "schema_migrations"[0m
Migrating to CreateInstructors (20160222054019)
  [1m[35m (3.3ms)[0m  BEGIN
  [1m[36m (37.1ms)[0m  [1mCREATE TABLE "instructors" ("id" serial primary key, "name" character varying, "password_digest" character varying, "created_at" timestamp NOT NULL, "updated_at" timestamp NOT NULL) [0m
  [1m[35mSQL (3.3ms)[0m  INSERT INTO "schema_migrations" ("version") VALUES ($1)  [["version", "20160222054019"]]
  [1m[36m (3.7ms)[0m  [1mCOMMIT[0m
Migrating to CreateStudents (20160222054114)
  [1m[35m (0.5ms)[0m  BEGIN
  [1m[36m (12.3ms)[0m  [1mCREATE TABLE "students" ("id" serial primary key, "name" character varying, "password_digest" character varying, "created_at" timestamp NOT NULL, "updated_at" timestamp NOT NULL) [0m
  [1m[35mSQL (0.2ms)[0m  INSERT INTO "schema_migrations" ("version") VALUES ($1)  [["version", "20160222054114"]]
  [1m[36m (2.2ms)[0m  [1mCOMMIT[0m
Migrating to CreateCourses (20160222054230)
  [1m[35m (0.4ms)[0m  BEGIN
  [1m[36m (11.0ms)[0m  [1mCREATE TABLE "courses" ("id" serial primary key, "name" character varying, "description" character varying, "instructor_id" integer, "subject_id" integer, "created_at" timestamp NOT NULL, "updated_at" timestamp NOT NULL) [0m
  [1m[35m (6.1ms)[0m  CREATE  INDEX  "index_courses_on_instructor_id" ON "courses"  ("instructor_id")
  [1m[36m (2.8ms)[0m  [1mCREATE  INDEX  "index_courses_on_subject_id" ON "courses"  ("subject_id")[0m
  [1m[35m (28.6ms)[0m  ALTER TABLE "courses" ADD CONSTRAINT "fk_rails_2ab3132eb0"
FOREIGN KEY ("instructor_id")
  REFERENCES "instructors" ("id")

  [1m[36m (9.5ms)[0m  [1mALTER TABLE "courses" ADD CONSTRAINT "fk_rails_57d52eb461"
FOREIGN KEY ("subject_id")
  REFERENCES "subjects" ("id")
[0m
PG::UndefinedTable: ERROR:  relation "subjects" does not exist
: ALTER TABLE "courses" ADD CONSTRAINT "fk_rails_57d52eb461"
FOREIGN KEY ("subject_id")
  REFERENCES "subjects" ("id")

  [1m[35m (0.2ms)[0m  ROLLBACK
  [1m[36mActiveRecord::SchemaMigration Load (0.5ms)[0m  [1mSELECT "schema_migrations".* FROM "schema_migrations"[0m
Migrating to CreateCourses (20160222054230)
  [1m[35m (0.2ms)[0m  BEGIN
  [1m[36m (15.2ms)[0m  [1mCREATE TABLE "courses" ("id" serial primary key, "name" character varying, "description" character varying, "instructor_id" integer, "subject_id" integer, "created_at" timestamp NOT NULL, "updated_at" timestamp NOT NULL) [0m
  [1m[35m (2.9ms)[0m  CREATE  INDEX  "index_courses_on_instructor_id" ON "courses"  ("instructor_id")
  [1m[36m (2.8ms)[0m  [1mCREATE  INDEX  "index_courses_on_subject_id" ON "courses"  ("subject_id")[0m
  [1m[35m (2.2ms)[0m  ALTER TABLE "courses" ADD CONSTRAINT "fk_rails_2ab3132eb0"
FOREIGN KEY ("instructor_id")
  REFERENCES "instructors" ("id")

  [1m[36m (2.7ms)[0m  [1mALTER TABLE "courses" ADD CONSTRAINT "fk_rails_57d52eb461"
FOREIGN KEY ("subject_id")
  REFERENCES "subjects" ("id")
[0m
PG::UndefinedTable: ERROR:  relation "subjects" does not exist
: ALTER TABLE "courses" ADD CONSTRAINT "fk_rails_57d52eb461"
FOREIGN KEY ("subject_id")
  REFERENCES "subjects" ("id")

  [1m[35m (0.2ms)[0m  ROLLBACK
  [1m[36mActiveRecord::SchemaMigration Load (0.6ms)[0m  [1mSELECT "schema_migrations".* FROM "schema_migrations"[0m
  [1m[35m (0.3ms)[0m  BEGIN
  [1m[36m (15.1ms)[0m  [1mCREATE TABLE "subjects" ("id" serial primary key, "name" character varying, "created_at" timestamp NOT NULL, "updated_at" timestamp NOT NULL) [0m
  [1m[35mSQL (0.5ms)[0m  INSERT INTO "schema_migrations" ("version") VALUES ($1)  [["version", "20160222054305"]]
  [1m[36m (2.9ms)[0m  [1mCOMMIT[0m
  [1m[35mActiveRecord::SchemaMigration Load (0.5ms)[0m  SELECT "schema_migrations".* FROM "schema_migrations"
  [1m[36m (10.9ms)[0m  [1mSELECT t2.oid::regclass::text AS to_table, a1.attname AS column, a2.attname AS primary_key, c.conname AS name, c.confupdtype AS on_update, c.confdeltype AS on_delete
FROM pg_constraint c
JOIN pg_class t1 ON c.conrelid = t1.oid
JOIN pg_class t2 ON c.confrelid = t2.oid
JOIN pg_attribute a1 ON a1.attnum = c.conkey[1] AND a1.attrelid = t1.oid
JOIN pg_attribute a2 ON a2.attnum = c.confkey[1] AND a2.attrelid = t2.oid
JOIN pg_namespace t3 ON c.connamespace = t3.oid
WHERE c.contype = 'f'
  AND t1.relname = 'instructors'
  AND t3.nspname = ANY (current_schemas(false))
ORDER BY c.conname
[0m
  [1m[35m (6.9ms)[0m  SELECT t2.oid::regclass::text AS to_table, a1.attname AS column, a2.attname AS primary_key, c.conname AS name, c.confupdtype AS on_update, c.confdeltype AS on_delete
FROM pg_constraint c
JOIN pg_class t1 ON c.conrelid = t1.oid
JOIN pg_class t2 ON c.confrelid = t2.oid
JOIN pg_attribute a1 ON a1.attnum = c.conkey[1] AND a1.attrelid = t1.oid
JOIN pg_attribute a2 ON a2.attnum = c.confkey[1] AND a2.attrelid = t2.oid
JOIN pg_namespace t3 ON c.connamespace = t3.oid
WHERE c.contype = 'f'
  AND t1.relname = 'students'
  AND t3.nspname = ANY (current_schemas(false))
ORDER BY c.conname

  [1m[36m (6.9ms)[0m  [1mSELECT t2.oid::regclass::text AS to_table, a1.attname AS column, a2.attname AS primary_key, c.conname AS name, c.confupdtype AS on_update, c.confdeltype AS on_delete
FROM pg_constraint c
JOIN pg_class t1 ON c.conrelid = t1.oid
JOIN pg_class t2 ON c.confrelid = t2.oid
JOIN pg_attribute a1 ON a1.attnum = c.conkey[1] AND a1.attrelid = t1.oid
JOIN pg_attribute a2 ON a2.attnum = c.confkey[1] AND a2.attrelid = t2.oid
JOIN pg_namespace t3 ON c.connamespace = t3.oid
WHERE c.contype = 'f'
  AND t1.relname = 'subjects'
  AND t3.nspname = ANY (current_schemas(false))
ORDER BY c.conname
[0m
  [1m[36mActiveRecord::SchemaMigration Load (0.5ms)[0m  [1mSELECT "schema_migrations".* FROM "schema_migrations"[0m
Migrating to CreateCourses (20160222054230)
  [1m[35m (0.2ms)[0m  BEGIN
  [1m[36m (12.2ms)[0m  [1mCREATE TABLE "courses" ("id" serial primary key, "name" character varying, "description" character varying, "instructor_id" integer, "subject_id" integer, "created_at" timestamp NOT NULL, "updated_at" timestamp NOT NULL) [0m
  [1m[35m (3.0ms)[0m  CREATE  INDEX  "index_courses_on_instructor_id" ON "courses"  ("instructor_id")
  [1m[36m (3.6ms)[0m  [1mCREATE  INDEX  "index_courses_on_subject_id" ON "courses"  ("subject_id")[0m
  [1m[35m (5.8ms)[0m  ALTER TABLE "courses" ADD CONSTRAINT "fk_rails_2ab3132eb0"
FOREIGN KEY ("instructor_id")
  REFERENCES "instructors" ("id")

  [1m[36m (1.9ms)[0m  [1mALTER TABLE "courses" ADD CONSTRAINT "fk_rails_57d52eb461"
FOREIGN KEY ("subject_id")
  REFERENCES "subjects" ("id")
[0m
  [1m[35mSQL (0.3ms)[0m  INSERT INTO "schema_migrations" ("version") VALUES ($1)  [["version", "20160222054230"]]
  [1m[36m (2.4ms)[0m  [1mCOMMIT[0m
Migrating to CreateConcepts (20160222054533)
  [1m[35m (0.5ms)[0m  BEGIN
  [1m[36m (6.8ms)[0m  [1mCREATE TABLE "concepts" ("id" serial primary key, "name" character varying, "content" text, "course_id" integer, "created_at" timestamp NOT NULL, "updated_at" timestamp NOT NULL) [0m
  [1m[35m (2.7ms)[0m  CREATE  INDEX  "index_concepts_on_course_id" ON "concepts"  ("course_id")
  [1m[36m (2.0ms)[0m  [1mALTER TABLE "concepts" ADD CONSTRAINT "fk_rails_718c6ceaa7"
FOREIGN KEY ("course_id")
  REFERENCES "courses" ("id")
[0m
  [1m[35mSQL (0.3ms)[0m  INSERT INTO "schema_migrations" ("version") VALUES ($1)  [["version", "20160222054533"]]
  [1m[36m (0.4ms)[0m  [1mCOMMIT[0m
Migrating to CreateExercises (20160222054649)
  [1m[35m (0.6ms)[0m  BEGIN
  [1m[36m (10.1ms)[0m  [1mCREATE TABLE "exercises" ("id" serial primary key, "name" character varying, "content" text, "answer" character varying, "concept_id" integer, "created_at" timestamp NOT NULL, "updated_at" timestamp NOT NULL) [0m
  [1m[35m (3.9ms)[0m  CREATE  INDEX  "index_exercises_on_concept_id" ON "exercises"  ("concept_id")
  [1m[36m (2.3ms)[0m  [1mALTER TABLE "exercises" ADD CONSTRAINT "fk_rails_adf545283a"
FOREIGN KEY ("concept_id")
  REFERENCES "concepts" ("id")
[0m
  [1m[35mSQL (0.2ms)[0m  INSERT INTO "schema_migrations" ("version") VALUES ($1)  [["version", "20160222054649"]]
  [1m[36m (5.0ms)[0m  [1mCOMMIT[0m
Migrating to CreateJoinTableStudentCourse (20160222055932)
  [1m[35m (0.6ms)[0m  BEGIN
  [1m[36m (1.6ms)[0m  [1mCREATE TABLE "courses_students" ("student_id" integer NOT NULL, "course_id" integer NOT NULL) [0m
  [1m[35mSQL (0.3ms)[0m  INSERT INTO "schema_migrations" ("version") VALUES ($1)  [["version", "20160222055932"]]
  [1m[36m (2.2ms)[0m  [1mCOMMIT[0m
  [1m[35mActiveRecord::SchemaMigration Load (0.5ms)[0m  SELECT "schema_migrations".* FROM "schema_migrations"
  [1m[36m (6.4ms)[0m  [1mSELECT t2.oid::regclass::text AS to_table, a1.attname AS column, a2.attname AS primary_key, c.conname AS name, c.confupdtype AS on_update, c.confdeltype AS on_delete
FROM pg_constraint c
JOIN pg_class t1 ON c.conrelid = t1.oid
JOIN pg_class t2 ON c.confrelid = t2.oid
JOIN pg_attribute a1 ON a1.attnum = c.conkey[1] AND a1.attrelid = t1.oid
JOIN pg_attribute a2 ON a2.attnum = c.confkey[1] AND a2.attrelid = t2.oid
JOIN pg_namespace t3 ON c.connamespace = t3.oid
WHERE c.contype = 'f'
  AND t1.relname = 'concepts'
  AND t3.nspname = ANY (current_schemas(false))
ORDER BY c.conname
[0m
  [1m[35m (4.3ms)[0m  SELECT t2.oid::regclass::text AS to_table, a1.attname AS column, a2.attname AS primary_key, c.conname AS name, c.confupdtype AS on_update, c.confdeltype AS on_delete
FROM pg_constraint c
JOIN pg_class t1 ON c.conrelid = t1.oid
JOIN pg_class t2 ON c.confrelid = t2.oid
JOIN pg_attribute a1 ON a1.attnum = c.conkey[1] AND a1.attrelid = t1.oid
JOIN pg_attribute a2 ON a2.attnum = c.confkey[1] AND a2.attrelid = t2.oid
JOIN pg_namespace t3 ON c.connamespace = t3.oid
WHERE c.contype = 'f'
  AND t1.relname = 'courses'
  AND t3.nspname = ANY (current_schemas(false))
ORDER BY c.conname

  [1m[36m (3.4ms)[0m  [1mSELECT t2.oid::regclass::text AS to_table, a1.attname AS column, a2.attname AS primary_key, c.conname AS name, c.confupdtype AS on_update, c.confdeltype AS on_delete
FROM pg_constraint c
JOIN pg_class t1 ON c.conrelid = t1.oid
JOIN pg_class t2 ON c.confrelid = t2.oid
JOIN pg_attribute a1 ON a1.attnum = c.conkey[1] AND a1.attrelid = t1.oid
JOIN pg_attribute a2 ON a2.attnum = c.confkey[1] AND a2.attrelid = t2.oid
JOIN pg_namespace t3 ON c.connamespace = t3.oid
WHERE c.contype = 'f'
  AND t1.relname = 'courses_students'
  AND t3.nspname = ANY (current_schemas(false))
ORDER BY c.conname
[0m
  [1m[35m (3.4ms)[0m  SELECT t2.oid::regclass::text AS to_table, a1.attname AS column, a2.attname AS primary_key, c.conname AS name, c.confupdtype AS on_update, c.confdeltype AS on_delete
FROM pg_constraint c
JOIN pg_class t1 ON c.conrelid = t1.oid
JOIN pg_class t2 ON c.confrelid = t2.oid
JOIN pg_attribute a1 ON a1.attnum = c.conkey[1] AND a1.attrelid = t1.oid
JOIN pg_attribute a2 ON a2.attnum = c.confkey[1] AND a2.attrelid = t2.oid
JOIN pg_namespace t3 ON c.connamespace = t3.oid
WHERE c.contype = 'f'
  AND t1.relname = 'exercises'
  AND t3.nspname = ANY (current_schemas(false))
ORDER BY c.conname

  [1m[36m (3.5ms)[0m  [1mSELECT t2.oid::regclass::text AS to_table, a1.attname AS column, a2.attname AS primary_key, c.conname AS name, c.confupdtype AS on_update, c.confdeltype AS on_delete
FROM pg_constraint c
JOIN pg_class t1 ON c.conrelid = t1.oid
JOIN pg_class t2 ON c.confrelid = t2.oid
JOIN pg_attribute a1 ON a1.attnum = c.conkey[1] AND a1.attrelid = t1.oid
JOIN pg_attribute a2 ON a2.attnum = c.confkey[1] AND a2.attrelid = t2.oid
JOIN pg_namespace t3 ON c.connamespace = t3.oid
WHERE c.contype = 'f'
  AND t1.relname = 'instructors'
  AND t3.nspname = ANY (current_schemas(false))
ORDER BY c.conname
[0m
  [1m[35m (3.4ms)[0m  SELECT t2.oid::regclass::text AS to_table, a1.attname AS column, a2.attname AS primary_key, c.conname AS name, c.confupdtype AS on_update, c.confdeltype AS on_delete
FROM pg_constraint c
JOIN pg_class t1 ON c.conrelid = t1.oid
JOIN pg_class t2 ON c.confrelid = t2.oid
JOIN pg_attribute a1 ON a1.attnum = c.conkey[1] AND a1.attrelid = t1.oid
JOIN pg_attribute a2 ON a2.attnum = c.confkey[1] AND a2.attrelid = t2.oid
JOIN pg_namespace t3 ON c.connamespace = t3.oid
WHERE c.contype = 'f'
  AND t1.relname = 'students'
  AND t3.nspname = ANY (current_schemas(false))
ORDER BY c.conname

  [1m[36m (3.5ms)[0m  [1mSELECT t2.oid::regclass::text AS to_table, a1.attname AS column, a2.attname AS primary_key, c.conname AS name, c.confupdtype AS on_update, c.confdeltype AS on_delete
FROM pg_constraint c
JOIN pg_class t1 ON c.conrelid = t1.oid
JOIN pg_class t2 ON c.confrelid = t2.oid
JOIN pg_attribute a1 ON a1.attnum = c.conkey[1] AND a1.attrelid = t1.oid
JOIN pg_attribute a2 ON a2.attnum = c.confkey[1] AND a2.attrelid = t2.oid
JOIN pg_namespace t3 ON c.connamespace = t3.oid
WHERE c.contype = 'f'
  AND t1.relname = 'subjects'
  AND t3.nspname = ANY (current_schemas(false))
ORDER BY c.conname
[0m


Started GET "/" for ::1 at 2016-02-22 11:28:30 -0800
  [1m[36mActiveRecord::SchemaMigration Load (2.8ms)[0m  [1mSELECT "schema_migrations".* FROM "schema_migrations"[0m
Processing by Rails::WelcomeController#index as HTML
  Rendered /Users/Jonah/.rbenv/versions/2.2.1/lib/ruby/gems/2.2.0/gems/railties-4.2.4/lib/rails/templates/rails/welcome/index.html.erb (4.9ms)
Completed 200 OK in 45ms (Views: 25.3ms | ActiveRecord: 0.0ms)


Started GET "/" for ::1 at 2016-02-22 11:28:31 -0800
Processing by Rails::WelcomeController#index as HTML
  Rendered /Users/Jonah/.rbenv/versions/2.2.1/lib/ruby/gems/2.2.0/gems/railties-4.2.4/lib/rails/templates/rails/welcome/index.html.erb (0.1ms)
Completed 200 OK in 5ms (Views: 4.1ms | ActiveRecord: 0.0ms)


Started GET "/" for ::1 at 2016-02-22 14:23:32 -0800
  [1m[36mActiveRecord::SchemaMigration Load (0.9ms)[0m  [1mSELECT "schema_migrations".* FROM "schema_migrations"[0m
Processing by InstructorsController#index as HTML
  [1m[35mInstructor Load (1.2ms)[0m  SELECT "instructors".* FROM "instructors"
  Rendered instructors/index.html.erb within layouts/application (10.4ms)
Completed 200 OK in 5204ms (Views: 5168.5ms | ActiveRecord: 2.9ms)


Started GET "/" for ::1 at 2016-02-22 14:23:38 -0800
Processing by InstructorsController#index as HTML
  [1m[36mInstructor Load (0.3ms)[0m  [1mSELECT "instructors".* FROM "instructors"[0m
  Rendered instructors/index.html.erb within layouts/application (1.3ms)
Completed 200 OK in 68ms (Views: 67.3ms | ActiveRecord: 0.3ms)


Started GET "/assets/instructors.self-e3b0c44298fc1c149afbf4c8996fb92427ae41e4649b934ca495991b7852b855.css?body=1" for ::1 at 2016-02-22 14:23:38 -0800


Started GET "/assets/instructors.self-877aef30ae1b040ab8a3aba4e3e309a11d7f2612f44dde450b5c157aa5f95c05.js?body=1" for ::1 at 2016-02-22 14:23:38 -0800


Started GET "/" for ::1 at 2016-02-22 14:24:44 -0800
Processing by InstructorsController#index as HTML
  [1m[35mInstructor Load (0.5ms)[0m  SELECT "instructors".* FROM "instructors"
  Rendered instructors/index.html.erb within layouts/application (21.2ms)
Completed 500 Internal Server Error in 28ms (ActiveRecord: 0.5ms)

ActionView::Template::Error (undefined local variable or method `new_instructor_path' for #<#<Class:0x007ff1cae5f8a8>:0x007ff1d1748db0>):
    4:   <p>Courses: <%= i.courses.count %></p>
    5:   <hr>
    6: <% end %>
    7: <%= link_to "New Instructor", new_instructor_path %>
  app/views/instructors/index.html.erb:7:in `_app_views_instructors_index_html_erb__308079714760272555_70338279430380'


  Rendered /Users/Jonah/.rbenv/versions/2.2.1/lib/ruby/gems/2.2.0/gems/actionpack-4.2.4/lib/action_dispatch/middleware/templates/rescues/_source.erb (12.5ms)
  Rendered /Users/Jonah/.rbenv/versions/2.2.1/lib/ruby/gems/2.2.0/gems/actionpack-4.2.4/lib/action_dispatch/middleware/templates/rescues/_trace.html.erb (3.5ms)
  Rendered /Users/Jonah/.rbenv/versions/2.2.1/lib/ruby/gems/2.2.0/gems/actionpack-4.2.4/lib/action_dispatch/middleware/templates/rescues/_request_and_response.html.erb (1.8ms)
  Rendered /Users/Jonah/.rbenv/versions/2.2.1/lib/ruby/gems/2.2.0/gems/actionpack-4.2.4/lib/action_dispatch/middleware/templates/rescues/template_error.html.erb within rescues/layout (86.6ms)
  Rendered /Users/Jonah/.rbenv/versions/2.2.1/lib/ruby/gems/2.2.0/gems/web-console-2.3.0/lib/web_console/templates/_markup.html.erb (0.5ms)
  Rendered /Users/Jonah/.rbenv/versions/2.2.1/lib/ruby/gems/2.2.0/gems/web-console-2.3.0/lib/web_console/templates/_inner_console_markup.html.erb within layouts/inlined_string (0.8ms)
  Rendered /Users/Jonah/.rbenv/versions/2.2.1/lib/ruby/gems/2.2.0/gems/web-console-2.3.0/lib/web_console/templates/_prompt_box_markup.html.erb within layouts/inlined_string (0.5ms)
  Rendered /Users/Jonah/.rbenv/versions/2.2.1/lib/ruby/gems/2.2.0/gems/web-console-2.3.0/lib/web_console/templates/style.css.erb within layouts/inlined_string (0.4ms)
  Rendered /Users/Jonah/.rbenv/versions/2.2.1/lib/ruby/gems/2.2.0/gems/web-console-2.3.0/lib/web_console/templates/console.js.erb within layouts/javascript (120.9ms)
  Rendered /Users/Jonah/.rbenv/versions/2.2.1/lib/ruby/gems/2.2.0/gems/web-console-2.3.0/lib/web_console/templates/main.js.erb within layouts/javascript (0.4ms)
  Rendered /Users/Jonah/.rbenv/versions/2.2.1/lib/ruby/gems/2.2.0/gems/web-console-2.3.0/lib/web_console/templates/error_page.js.erb within layouts/javascript (0.8ms)
  Rendered /Users/Jonah/.rbenv/versions/2.2.1/lib/ruby/gems/2.2.0/gems/web-console-2.3.0/lib/web_console/templates/index.html.erb (236.4ms)


Started GET "/" for ::1 at 2016-02-22 14:24:57 -0800
Processing by InstructorsController#index as HTML
  [1m[36mInstructor Load (0.3ms)[0m  [1mSELECT "instructors".* FROM "instructors"[0m
  Rendered instructors/index.html.erb within layouts/application (14.8ms)
Completed 500 Internal Server Error in 19ms (ActiveRecord: 0.3ms)

ActionView::Template::Error (undefined local variable or method `new_instructor_path' for #<#<Class:0x007ff1cae5f8a8>:0x007ff1d3a6f320>):
    4:   <p>Courses: <%= i.courses.count %></p>
    5:   <hr>
    6: <% end %>
    7: <!-- <%= link_to "New Instructor", new_instructor_path %> -->
  app/views/instructors/index.html.erb:7:in `_app_views_instructors_index_html_erb__308079714760272555_70338307387460'


  Rendered /Users/Jonah/.rbenv/versions/2.2.1/lib/ruby/gems/2.2.0/gems/actionpack-4.2.4/lib/action_dispatch/middleware/templates/rescues/_source.erb (12.2ms)
  Rendered /Users/Jonah/.rbenv/versions/2.2.1/lib/ruby/gems/2.2.0/gems/actionpack-4.2.4/lib/action_dispatch/middleware/templates/rescues/_trace.html.erb (3.3ms)
  Rendered /Users/Jonah/.rbenv/versions/2.2.1/lib/ruby/gems/2.2.0/gems/actionpack-4.2.4/lib/action_dispatch/middleware/templates/rescues/_request_and_response.html.erb (1.2ms)
  Rendered /Users/Jonah/.rbenv/versions/2.2.1/lib/ruby/gems/2.2.0/gems/actionpack-4.2.4/lib/action_dispatch/middleware/templates/rescues/template_error.html.erb within rescues/layout (74.1ms)
  Rendered /Users/Jonah/.rbenv/versions/2.2.1/lib/ruby/gems/2.2.0/gems/web-console-2.3.0/lib/web_console/templates/_markup.html.erb (0.4ms)
  Rendered /Users/Jonah/.rbenv/versions/2.2.1/lib/ruby/gems/2.2.0/gems/web-console-2.3.0/lib/web_console/templates/_inner_console_markup.html.erb within layouts/inlined_string (0.5ms)
  Rendered /Users/Jonah/.rbenv/versions/2.2.1/lib/ruby/gems/2.2.0/gems/web-console-2.3.0/lib/web_console/templates/_prompt_box_markup.html.erb within layouts/inlined_string (0.3ms)
  Rendered /Users/Jonah/.rbenv/versions/2.2.1/lib/ruby/gems/2.2.0/gems/web-console-2.3.0/lib/web_console/templates/style.css.erb within layouts/inlined_string (0.6ms)
  Rendered /Users/Jonah/.rbenv/versions/2.2.1/lib/ruby/gems/2.2.0/gems/web-console-2.3.0/lib/web_console/templates/console.js.erb within layouts/javascript (64.2ms)
  Rendered /Users/Jonah/.rbenv/versions/2.2.1/lib/ruby/gems/2.2.0/gems/web-console-2.3.0/lib/web_console/templates/main.js.erb within layouts/javascript (0.3ms)
  Rendered /Users/Jonah/.rbenv/versions/2.2.1/lib/ruby/gems/2.2.0/gems/web-console-2.3.0/lib/web_console/templates/error_page.js.erb within layouts/javascript (0.5ms)
  Rendered /Users/Jonah/.rbenv/versions/2.2.1/lib/ruby/gems/2.2.0/gems/web-console-2.3.0/lib/web_console/templates/index.html.erb (133.1ms)


Started GET "/" for ::1 at 2016-02-22 14:25:10 -0800
Processing by InstructorsController#index as HTML
  [1m[35mInstructor Load (0.3ms)[0m  SELECT "instructors".* FROM "instructors"
  Rendered instructors/index.html.erb within layouts/application (1.5ms)
Completed 200 OK in 72ms (Views: 71.0ms | ActiveRecord: 0.3ms)


Started GET "/assets/rails_bootstrap_forms.self-10cb7d2aef696c4062f219f6678eed1d57c254a6717cea25d021726a4b9a214c.css?body=1" for ::1 at 2016-02-22 14:25:11 -0800


Started GET "/assets/instructors.self-e3b0c44298fc1c149afbf4c8996fb92427ae41e4649b934ca495991b7852b855.css?body=1" for ::1 at 2016-02-22 14:25:11 -0800


Started GET "/assets/jquery_ujs.self-d602bdfe68ffc63b9f9cc512872aa3cfff046228a0a36e90dd476e8ef54c1b09.js?body=1" for ::1 at 2016-02-22 14:25:11 -0800


Started GET "/assets/jquery.self-c64a74367bda6ef8b860f19e74df08927ca99d2be2ac934e9e92d5fd361e0da4.js?body=1" for ::1 at 2016-02-22 14:25:11 -0800


Started GET "/assets/turbolinks.self-c37727e9bd6b2735da5c311aa83fead54ed0be6cc8bd9a65309e9c5abe2cbfff.js?body=1" for ::1 at 2016-02-22 14:25:11 -0800


Started GET "/assets/bootstrap/affix.self-d2b642d8fbfc1d7041e2edefd66683ada567a980789dcd6f94fddda0b33408b5.js?body=1" for ::1 at 2016-02-22 14:25:11 -0800


Started GET "/assets/application.self-998b51763d8295f4a7204c4814b0310e6d757d9130cbcb6ed70d6d029a848529.css?body=1" for ::1 at 2016-02-22 14:25:11 -0800


Started GET "/assets/bootstrap/alert.self-a29e91e8cd3ddaba9bbc466901d53ec2127e9256b9b941905d525a3a716bd1a5.js?body=1" for ::1 at 2016-02-22 14:25:11 -0800


Started GET "/assets/bootstrap/button.self-a6cb16785434acb365ae426aef9f1fce05ed553cae7a965e4471c3da71509175.js?body=1" for ::1 at 2016-02-22 14:25:11 -0800


Started GET "/assets/bootstrap/carousel.self-57eb8422043cf0a85b7a9dc6843916eb0a3e35b419c7798a5eb254b918997631.js?body=1" for ::1 at 2016-02-22 14:25:11 -0800


Started GET "/assets/bootstrap/collapse.self-7dc8bfbc2fbfabd2bad62c58ff8ffeaf8f20fb87c7ca6cd35f06d4dc19632587.js?body=1" for ::1 at 2016-02-22 14:25:11 -0800


Started GET "/assets/bootstrap/dropdown.self-9314126777c6be5443e37ea7f7967d7914d72b3e60449ba50edc967446373059.js?body=1" for ::1 at 2016-02-22 14:25:11 -0800


Started GET "/assets/bootstrap/tab.self-122235057fbd4c6c7da377d59dc58f47b44cb1088a2e38e6ee6ce9d8ac29a26a.js?body=1" for ::1 at 2016-02-22 14:25:11 -0800


Started GET "/assets/bootstrap/transition.self-09ff30b1e8a93d1f7728b9855f55d9c9d8d5734c8861e0d8139994e50944572a.js?body=1" for ::1 at 2016-02-22 14:25:11 -0800


Started GET "/assets/bootstrap/scrollspy.self-a155b9d4b2f978905f0326c0f6635e1134fe91c6bfbfcbad079fa24a9fef2b0e.js?body=1" for ::1 at 2016-02-22 14:25:11 -0800


Started GET "/assets/bootstrap/modal.self-72f95ffa1071297725a9ac91989693d56d1abf23f441a47455073b0da2857a5b.js?body=1" for ::1 at 2016-02-22 14:25:11 -0800


Started GET "/assets/bootstrap/tooltip.self-11cf547be953f25f511cec668f6690473fd97b2f65502e4032f4030999a3f0c3.js?body=1" for ::1 at 2016-02-22 14:25:11 -0800


Started GET "/assets/bootstrap/popover.self-77d8e3a2499c1104ef146396a68b82469ee2bdb365199b874694698d10405e9a.js?body=1" for ::1 at 2016-02-22 14:25:11 -0800


Started GET "/assets/bootstrap-sprockets.self-fbfa5ad7d9aa0afe439ec4ff3883acc4cb92b62cb67c40d674320c9aa1d4642d.js?body=1" for ::1 at 2016-02-22 14:25:11 -0800


Started GET "/assets/bootstrap.self-cdea7efeac1597b89ddd6fd86b0e8e0bec5d5fb1fac9c6e8a045f2c59eef2d13.js?body=1" for ::1 at 2016-02-22 14:25:11 -0800


Started GET "/assets/instructors.self-877aef30ae1b040ab8a3aba4e3e309a11d7f2612f44dde450b5c157aa5f95c05.js?body=1" for ::1 at 2016-02-22 14:25:11 -0800


Started GET "/assets/application.self-7862a8a8b42407b4741a1adeeea35f0d13ddc4f702ec532adb0674491d296495.js?body=1" for ::1 at 2016-02-22 14:25:11 -0800


Started GET "/" for ::1 at 2016-02-22 14:29:57 -0800
Processing by InstructorsController#index as HTML
  [1m[36mInstructor Load (0.4ms)[0m  [1mSELECT "instructors".* FROM "instructors"[0m
  Rendered instructors/index.html.erb within layouts/application (2.7ms)
Completed 200 OK in 52ms (Views: 47.5ms | ActiveRecord: 1.2ms)


Started GET "/assets/rails_bootstrap_forms.self-10cb7d2aef696c4062f219f6678eed1d57c254a6717cea25d021726a4b9a214c.css?body=1" for ::1 at 2016-02-22 14:29:57 -0800


Started GET "/assets/instructors.self-e3b0c44298fc1c149afbf4c8996fb92427ae41e4649b934ca495991b7852b855.css?body=1" for ::1 at 2016-02-22 14:29:57 -0800


Started GET "/assets/jquery.self-c64a74367bda6ef8b860f19e74df08927ca99d2be2ac934e9e92d5fd361e0da4.js?body=1" for ::1 at 2016-02-22 14:29:58 -0800


Started GET "/assets/application.self-998b51763d8295f4a7204c4814b0310e6d757d9130cbcb6ed70d6d029a848529.css?body=1" for ::1 at 2016-02-22 14:29:58 -0800


Started GET "/assets/jquery_ujs.self-d602bdfe68ffc63b9f9cc512872aa3cfff046228a0a36e90dd476e8ef54c1b09.js?body=1" for ::1 at 2016-02-22 14:29:58 -0800


Started GET "/assets/turbolinks.self-c37727e9bd6b2735da5c311aa83fead54ed0be6cc8bd9a65309e9c5abe2cbfff.js?body=1" for ::1 at 2016-02-22 14:29:58 -0800


Started GET "/assets/bootstrap/affix.self-d2b642d8fbfc1d7041e2edefd66683ada567a980789dcd6f94fddda0b33408b5.js?body=1" for ::1 at 2016-02-22 14:29:58 -0800


Started GET "/assets/bootstrap/alert.self-a29e91e8cd3ddaba9bbc466901d53ec2127e9256b9b941905d525a3a716bd1a5.js?body=1" for ::1 at 2016-02-22 14:29:58 -0800


Started GET "/assets/bootstrap/button.self-a6cb16785434acb365ae426aef9f1fce05ed553cae7a965e4471c3da71509175.js?body=1" for ::1 at 2016-02-22 14:29:58 -0800


Started GET "/assets/bootstrap/carousel.self-57eb8422043cf0a85b7a9dc6843916eb0a3e35b419c7798a5eb254b918997631.js?body=1" for ::1 at 2016-02-22 14:29:58 -0800


Started GET "/assets/bootstrap/collapse.self-7dc8bfbc2fbfabd2bad62c58ff8ffeaf8f20fb87c7ca6cd35f06d4dc19632587.js?body=1" for ::1 at 2016-02-22 14:29:58 -0800


Started GET "/assets/bootstrap/dropdown.self-9314126777c6be5443e37ea7f7967d7914d72b3e60449ba50edc967446373059.js?body=1" for ::1 at 2016-02-22 14:29:58 -0800


Started GET "/assets/bootstrap/tab.self-122235057fbd4c6c7da377d59dc58f47b44cb1088a2e38e6ee6ce9d8ac29a26a.js?body=1" for ::1 at 2016-02-22 14:29:58 -0800


Started GET "/assets/bootstrap/transition.self-09ff30b1e8a93d1f7728b9855f55d9c9d8d5734c8861e0d8139994e50944572a.js?body=1" for ::1 at 2016-02-22 14:29:58 -0800


Started GET "/assets/bootstrap/scrollspy.self-a155b9d4b2f978905f0326c0f6635e1134fe91c6bfbfcbad079fa24a9fef2b0e.js?body=1" for ::1 at 2016-02-22 14:29:58 -0800


Started GET "/assets/bootstrap/modal.self-72f95ffa1071297725a9ac91989693d56d1abf23f441a47455073b0da2857a5b.js?body=1" for ::1 at 2016-02-22 14:29:58 -0800


Started GET "/assets/bootstrap/tooltip.self-11cf547be953f25f511cec668f6690473fd97b2f65502e4032f4030999a3f0c3.js?body=1" for ::1 at 2016-02-22 14:29:58 -0800


Started GET "/assets/bootstrap/popover.self-77d8e3a2499c1104ef146396a68b82469ee2bdb365199b874694698d10405e9a.js?body=1" for ::1 at 2016-02-22 14:29:58 -0800


Started GET "/assets/bootstrap-sprockets.self-fbfa5ad7d9aa0afe439ec4ff3883acc4cb92b62cb67c40d674320c9aa1d4642d.js?body=1" for ::1 at 2016-02-22 14:29:58 -0800


Started GET "/assets/bootstrap.self-cdea7efeac1597b89ddd6fd86b0e8e0bec5d5fb1fac9c6e8a045f2c59eef2d13.js?body=1" for ::1 at 2016-02-22 14:29:58 -0800


Started GET "/assets/instructors.self-877aef30ae1b040ab8a3aba4e3e309a11d7f2612f44dde450b5c157aa5f95c05.js?body=1" for ::1 at 2016-02-22 14:29:58 -0800


Started GET "/assets/application.self-7862a8a8b42407b4741a1adeeea35f0d13ddc4f702ec532adb0674491d296495.js?body=1" for ::1 at 2016-02-22 14:29:58 -0800


Started GET "/instructors/new" for ::1 at 2016-02-22 14:29:59 -0800
Processing by InstructorsController#new as HTML
  Rendered instructors/new.html.erb within layouts/application (0.3ms)
Completed 200 OK in 51ms (Views: 44.6ms | ActiveRecord: 3.0ms)


Started GET "/instructors/new" for ::1 at 2016-02-22 14:31:55 -0800
Processing by InstructorsController#new as HTML
  Rendered instructors/new.html.erb within layouts/application (36.6ms)
Completed 200 OK in 86ms (Views: 85.2ms | ActiveRecord: 0.0ms)


Started GET "/assets/rails_bootstrap_forms.self-10cb7d2aef696c4062f219f6678eed1d57c254a6717cea25d021726a4b9a214c.css?body=1" for ::1 at 2016-02-22 14:31:55 -0800


Started GET "/assets/instructors.self-e3b0c44298fc1c149afbf4c8996fb92427ae41e4649b934ca495991b7852b855.css?body=1" for ::1 at 2016-02-22 14:31:55 -0800


Started GET "/assets/jquery.self-c64a74367bda6ef8b860f19e74df08927ca99d2be2ac934e9e92d5fd361e0da4.js?body=1" for ::1 at 2016-02-22 14:31:55 -0800


Started GET "/assets/jquery_ujs.self-d602bdfe68ffc63b9f9cc512872aa3cfff046228a0a36e90dd476e8ef54c1b09.js?body=1" for ::1 at 2016-02-22 14:31:55 -0800


Started GET "/assets/turbolinks.self-c37727e9bd6b2735da5c311aa83fead54ed0be6cc8bd9a65309e9c5abe2cbfff.js?body=1" for ::1 at 2016-02-22 14:31:55 -0800


Started GET "/assets/application.self-998b51763d8295f4a7204c4814b0310e6d757d9130cbcb6ed70d6d029a848529.css?body=1" for ::1 at 2016-02-22 14:31:55 -0800


Started GET "/assets/bootstrap/affix.self-d2b642d8fbfc1d7041e2edefd66683ada567a980789dcd6f94fddda0b33408b5.js?body=1" for ::1 at 2016-02-22 14:31:55 -0800


Started GET "/assets/bootstrap/alert.self-a29e91e8cd3ddaba9bbc466901d53ec2127e9256b9b941905d525a3a716bd1a5.js?body=1" for ::1 at 2016-02-22 14:31:55 -0800


Started GET "/assets/bootstrap/button.self-a6cb16785434acb365ae426aef9f1fce05ed553cae7a965e4471c3da71509175.js?body=1" for ::1 at 2016-02-22 14:31:55 -0800


Started GET "/assets/bootstrap/carousel.self-57eb8422043cf0a85b7a9dc6843916eb0a3e35b419c7798a5eb254b918997631.js?body=1" for ::1 at 2016-02-22 14:31:55 -0800


Started GET "/assets/bootstrap/collapse.self-7dc8bfbc2fbfabd2bad62c58ff8ffeaf8f20fb87c7ca6cd35f06d4dc19632587.js?body=1" for ::1 at 2016-02-22 14:31:55 -0800


Started GET "/assets/bootstrap/dropdown.self-9314126777c6be5443e37ea7f7967d7914d72b3e60449ba50edc967446373059.js?body=1" for ::1 at 2016-02-22 14:31:55 -0800


Started GET "/assets/bootstrap/tab.self-122235057fbd4c6c7da377d59dc58f47b44cb1088a2e38e6ee6ce9d8ac29a26a.js?body=1" for ::1 at 2016-02-22 14:31:55 -0800


Started GET "/assets/bootstrap/transition.self-09ff30b1e8a93d1f7728b9855f55d9c9d8d5734c8861e0d8139994e50944572a.js?body=1" for ::1 at 2016-02-22 14:31:55 -0800


Started GET "/assets/bootstrap/scrollspy.self-a155b9d4b2f978905f0326c0f6635e1134fe91c6bfbfcbad079fa24a9fef2b0e.js?body=1" for ::1 at 2016-02-22 14:31:55 -0800


Started GET "/assets/bootstrap/modal.self-72f95ffa1071297725a9ac91989693d56d1abf23f441a47455073b0da2857a5b.js?body=1" for ::1 at 2016-02-22 14:31:55 -0800


Started GET "/assets/bootstrap/tooltip.self-11cf547be953f25f511cec668f6690473fd97b2f65502e4032f4030999a3f0c3.js?body=1" for ::1 at 2016-02-22 14:31:55 -0800


Started GET "/assets/bootstrap/popover.self-77d8e3a2499c1104ef146396a68b82469ee2bdb365199b874694698d10405e9a.js?body=1" for ::1 at 2016-02-22 14:31:55 -0800


Started GET "/assets/bootstrap-sprockets.self-fbfa5ad7d9aa0afe439ec4ff3883acc4cb92b62cb67c40d674320c9aa1d4642d.js?body=1" for ::1 at 2016-02-22 14:31:55 -0800


Started GET "/assets/bootstrap.self-cdea7efeac1597b89ddd6fd86b0e8e0bec5d5fb1fac9c6e8a045f2c59eef2d13.js?body=1" for ::1 at 2016-02-22 14:31:55 -0800


Started GET "/assets/instructors.self-877aef30ae1b040ab8a3aba4e3e309a11d7f2612f44dde450b5c157aa5f95c05.js?body=1" for ::1 at 2016-02-22 14:31:55 -0800


Started GET "/assets/application.self-7862a8a8b42407b4741a1adeeea35f0d13ddc4f702ec532adb0674491d296495.js?body=1" for ::1 at 2016-02-22 14:31:55 -0800


Started GET "/instructors/new" for ::1 at 2016-02-22 14:32:25 -0800
Processing by InstructorsController#new as HTML
  Rendered instructors/new.html.erb within layouts/application (3.0ms)
Completed 200 OK in 65ms (Views: 64.0ms | ActiveRecord: 0.0ms)


Started GET "/assets/rails_bootstrap_forms.self-10cb7d2aef696c4062f219f6678eed1d57c254a6717cea25d021726a4b9a214c.css?body=1" for ::1 at 2016-02-22 14:32:25 -0800


Started GET "/assets/jquery_ujs.self-d602bdfe68ffc63b9f9cc512872aa3cfff046228a0a36e90dd476e8ef54c1b09.js?body=1" for ::1 at 2016-02-22 14:32:25 -0800


Started GET "/assets/instructors.self-e3b0c44298fc1c149afbf4c8996fb92427ae41e4649b934ca495991b7852b855.css?body=1" for ::1 at 2016-02-22 14:32:25 -0800


Started GET "/assets/jquery.self-c64a74367bda6ef8b860f19e74df08927ca99d2be2ac934e9e92d5fd361e0da4.js?body=1" for ::1 at 2016-02-22 14:32:25 -0800


Started GET "/assets/application.self-998b51763d8295f4a7204c4814b0310e6d757d9130cbcb6ed70d6d029a848529.css?body=1" for ::1 at 2016-02-22 14:32:25 -0800


Started GET "/assets/turbolinks.self-c37727e9bd6b2735da5c311aa83fead54ed0be6cc8bd9a65309e9c5abe2cbfff.js?body=1" for ::1 at 2016-02-22 14:32:25 -0800


Started GET "/assets/bootstrap/affix.self-d2b642d8fbfc1d7041e2edefd66683ada567a980789dcd6f94fddda0b33408b5.js?body=1" for ::1 at 2016-02-22 14:32:25 -0800


Started GET "/assets/bootstrap/alert.self-a29e91e8cd3ddaba9bbc466901d53ec2127e9256b9b941905d525a3a716bd1a5.js?body=1" for ::1 at 2016-02-22 14:32:25 -0800


Started GET "/assets/bootstrap/button.self-a6cb16785434acb365ae426aef9f1fce05ed553cae7a965e4471c3da71509175.js?body=1" for ::1 at 2016-02-22 14:32:25 -0800


Started GET "/assets/bootstrap/carousel.self-57eb8422043cf0a85b7a9dc6843916eb0a3e35b419c7798a5eb254b918997631.js?body=1" for ::1 at 2016-02-22 14:32:25 -0800


Started GET "/assets/bootstrap/collapse.self-7dc8bfbc2fbfabd2bad62c58ff8ffeaf8f20fb87c7ca6cd35f06d4dc19632587.js?body=1" for ::1 at 2016-02-22 14:32:25 -0800


Started GET "/assets/bootstrap/dropdown.self-9314126777c6be5443e37ea7f7967d7914d72b3e60449ba50edc967446373059.js?body=1" for ::1 at 2016-02-22 14:32:25 -0800


Started GET "/assets/bootstrap/tab.self-122235057fbd4c6c7da377d59dc58f47b44cb1088a2e38e6ee6ce9d8ac29a26a.js?body=1" for ::1 at 2016-02-22 14:32:25 -0800


Started GET "/assets/bootstrap/transition.self-09ff30b1e8a93d1f7728b9855f55d9c9d8d5734c8861e0d8139994e50944572a.js?body=1" for ::1 at 2016-02-22 14:32:25 -0800


Started GET "/assets/bootstrap/scrollspy.self-a155b9d4b2f978905f0326c0f6635e1134fe91c6bfbfcbad079fa24a9fef2b0e.js?body=1" for ::1 at 2016-02-22 14:32:25 -0800


Started GET "/assets/bootstrap/modal.self-72f95ffa1071297725a9ac91989693d56d1abf23f441a47455073b0da2857a5b.js?body=1" for ::1 at 2016-02-22 14:32:25 -0800


Started GET "/assets/bootstrap/tooltip.self-11cf547be953f25f511cec668f6690473fd97b2f65502e4032f4030999a3f0c3.js?body=1" for ::1 at 2016-02-22 14:32:25 -0800


Started GET "/assets/bootstrap/popover.self-77d8e3a2499c1104ef146396a68b82469ee2bdb365199b874694698d10405e9a.js?body=1" for ::1 at 2016-02-22 14:32:25 -0800


Started GET "/assets/bootstrap-sprockets.self-fbfa5ad7d9aa0afe439ec4ff3883acc4cb92b62cb67c40d674320c9aa1d4642d.js?body=1" for ::1 at 2016-02-22 14:32:25 -0800


Started GET "/assets/bootstrap.self-cdea7efeac1597b89ddd6fd86b0e8e0bec5d5fb1fac9c6e8a045f2c59eef2d13.js?body=1" for ::1 at 2016-02-22 14:32:25 -0800


Started GET "/assets/instructors.self-877aef30ae1b040ab8a3aba4e3e309a11d7f2612f44dde450b5c157aa5f95c05.js?body=1" for ::1 at 2016-02-22 14:32:25 -0800


Started GET "/assets/application.self-7862a8a8b42407b4741a1adeeea35f0d13ddc4f702ec532adb0674491d296495.js?body=1" for ::1 at 2016-02-22 14:32:25 -0800


Started POST "/instructors" for ::1 at 2016-02-22 14:32:39 -0800
Processing by InstructorsController#create as HTML
  Parameters: {"utf8"=>"✓", "authenticity_token"=>"vL351ernxlTMh1l7P/S3hFzO/AWWnaeaQIELEuGIWhAIkL/BAwsc8gqV0WQFaH6R4fOuywbwG8qhh+UlxcVHoA==", "instructor"=>{"name"=>"professor_unpleasant", "password"=>"[FILTERED]"}, "commit"=>"Create Instructor"}
  [1m[35m (0.2ms)[0m  BEGIN
  [1m[36mSQL (0.8ms)[0m  [1mINSERT INTO "instructors" ("name", "password_digest", "created_at", "updated_at") VALUES ($1, $2, $3, $4) RETURNING "id"[0m  [["name", "professor_unpleasant"], ["password_digest", "$2a$10$SkYFF3i2LrPxgAOShGbKru5Fr90tzf0Idpu9E/v2/DGnSmkgSdatC"], ["created_at", "2016-02-22 22:32:39.362972"], ["updated_at", "2016-02-22 22:32:39.362972"]]
  [1m[35m (2.2ms)[0m  COMMIT
Redirected to http://localhost:3000/instructors/1
Completed 302 Found in 94ms (ActiveRecord: 3.5ms)


Started GET "/instructors/1" for ::1 at 2016-02-22 14:32:39 -0800
Processing by InstructorsController#show as HTML
  Parameters: {"id"=>"1"}
  Rendered instructors/show.html.erb within layouts/application (0.4ms)
Completed 200 OK in 53ms (Views: 52.5ms | ActiveRecord: 0.0ms)


Started GET "/instructors/1" for ::1 at 2016-02-22 14:33:33 -0800
Processing by InstructorsController#show as HTML
  Parameters: {"id"=>"1"}
  Rendered instructors/show.html.erb within layouts/application (0.1ms)
Completed 200 OK in 63ms (Views: 62.1ms | ActiveRecord: 0.0ms)


Started GET "/assets/instructors.self-e3b0c44298fc1c149afbf4c8996fb92427ae41e4649b934ca495991b7852b855.css?body=1" for ::1 at 2016-02-22 14:33:34 -0800


Started GET "/assets/jquery.self-c64a74367bda6ef8b860f19e74df08927ca99d2be2ac934e9e92d5fd361e0da4.js?body=1" for ::1 at 2016-02-22 14:33:34 -0800


Started GET "/assets/jquery_ujs.self-d602bdfe68ffc63b9f9cc512872aa3cfff046228a0a36e90dd476e8ef54c1b09.js?body=1" for ::1 at 2016-02-22 14:33:34 -0800


Started GET "/assets/turbolinks.self-c37727e9bd6b2735da5c311aa83fead54ed0be6cc8bd9a65309e9c5abe2cbfff.js?body=1" for ::1 at 2016-02-22 14:33:34 -0800


Started GET "/assets/rails_bootstrap_forms.self-10cb7d2aef696c4062f219f6678eed1d57c254a6717cea25d021726a4b9a214c.css?body=1" for ::1 at 2016-02-22 14:33:34 -0800


Started GET "/assets/application.self-998b51763d8295f4a7204c4814b0310e6d757d9130cbcb6ed70d6d029a848529.css?body=1" for ::1 at 2016-02-22 14:33:34 -0800


Started GET "/assets/bootstrap/affix.self-d2b642d8fbfc1d7041e2edefd66683ada567a980789dcd6f94fddda0b33408b5.js?body=1" for ::1 at 2016-02-22 14:33:34 -0800


Started GET "/assets/bootstrap/alert.self-a29e91e8cd3ddaba9bbc466901d53ec2127e9256b9b941905d525a3a716bd1a5.js?body=1" for ::1 at 2016-02-22 14:33:34 -0800


Started GET "/assets/bootstrap/button.self-a6cb16785434acb365ae426aef9f1fce05ed553cae7a965e4471c3da71509175.js?body=1" for ::1 at 2016-02-22 14:33:34 -0800


Started GET "/assets/bootstrap/carousel.self-57eb8422043cf0a85b7a9dc6843916eb0a3e35b419c7798a5eb254b918997631.js?body=1" for ::1 at 2016-02-22 14:33:34 -0800


Started GET "/assets/bootstrap/collapse.self-7dc8bfbc2fbfabd2bad62c58ff8ffeaf8f20fb87c7ca6cd35f06d4dc19632587.js?body=1" for ::1 at 2016-02-22 14:33:34 -0800


Started GET "/assets/bootstrap/dropdown.self-9314126777c6be5443e37ea7f7967d7914d72b3e60449ba50edc967446373059.js?body=1" for ::1 at 2016-02-22 14:33:34 -0800


Started GET "/assets/bootstrap/tab.self-122235057fbd4c6c7da377d59dc58f47b44cb1088a2e38e6ee6ce9d8ac29a26a.js?body=1" for ::1 at 2016-02-22 14:33:34 -0800


Started GET "/assets/bootstrap/transition.self-09ff30b1e8a93d1f7728b9855f55d9c9d8d5734c8861e0d8139994e50944572a.js?body=1" for ::1 at 2016-02-22 14:33:34 -0800


Started GET "/assets/bootstrap/scrollspy.self-a155b9d4b2f978905f0326c0f6635e1134fe91c6bfbfcbad079fa24a9fef2b0e.js?body=1" for ::1 at 2016-02-22 14:33:34 -0800


Started GET "/assets/bootstrap/modal.self-72f95ffa1071297725a9ac91989693d56d1abf23f441a47455073b0da2857a5b.js?body=1" for ::1 at 2016-02-22 14:33:34 -0800


Started GET "/assets/bootstrap/tooltip.self-11cf547be953f25f511cec668f6690473fd97b2f65502e4032f4030999a3f0c3.js?body=1" for ::1 at 2016-02-22 14:33:34 -0800


Started GET "/assets/bootstrap/popover.self-77d8e3a2499c1104ef146396a68b82469ee2bdb365199b874694698d10405e9a.js?body=1" for ::1 at 2016-02-22 14:33:34 -0800


Started GET "/assets/bootstrap-sprockets.self-fbfa5ad7d9aa0afe439ec4ff3883acc4cb92b62cb67c40d674320c9aa1d4642d.js?body=1" for ::1 at 2016-02-22 14:33:34 -0800


Started GET "/assets/bootstrap.self-cdea7efeac1597b89ddd6fd86b0e8e0bec5d5fb1fac9c6e8a045f2c59eef2d13.js?body=1" for ::1 at 2016-02-22 14:33:34 -0800


Started GET "/assets/instructors.self-877aef30ae1b040ab8a3aba4e3e309a11d7f2612f44dde450b5c157aa5f95c05.js?body=1" for ::1 at 2016-02-22 14:33:34 -0800


Started GET "/assets/application.self-7862a8a8b42407b4741a1adeeea35f0d13ddc4f702ec532adb0674491d296495.js?body=1" for ::1 at 2016-02-22 14:33:34 -0800


Started GET "/instructors" for ::1 at 2016-02-22 14:33:37 -0800
Processing by InstructorsController#index as HTML
  [1m[36mInstructor Load (0.4ms)[0m  [1mSELECT "instructors".* FROM "instructors"[0m
  [1m[35m (1.2ms)[0m  SELECT COUNT(*) FROM "courses" WHERE "courses"."instructor_id" = $1  [["instructor_id", 1]]
  Rendered instructors/index.html.erb within layouts/application (73.2ms)
Completed 200 OK in 128ms (Views: 116.0ms | ActiveRecord: 6.3ms)


Started GET "/instructors" for ::1 at 2016-02-22 14:37:11 -0800

SyntaxError (/Users/Jonah/wdi/project2/app/controllers/instructors_controller.rb:43: syntax error, unexpected end-of-input, expecting keyword_end):
  app/controllers/instructors_controller.rb:43: syntax error, unexpected end-of-input, expecting keyword_end


  Rendered /Users/Jonah/.rbenv/versions/2.2.1/lib/ruby/gems/2.2.0/gems/actionpack-4.2.4/lib/action_dispatch/middleware/templates/rescues/_source.erb (4.0ms)
  Rendered /Users/Jonah/.rbenv/versions/2.2.1/lib/ruby/gems/2.2.0/gems/actionpack-4.2.4/lib/action_dispatch/middleware/templates/rescues/_trace.html.erb (2.0ms)
  Rendered /Users/Jonah/.rbenv/versions/2.2.1/lib/ruby/gems/2.2.0/gems/actionpack-4.2.4/lib/action_dispatch/middleware/templates/rescues/_request_and_response.html.erb (1.4ms)
  Rendered /Users/Jonah/.rbenv/versions/2.2.1/lib/ruby/gems/2.2.0/gems/actionpack-4.2.4/lib/action_dispatch/middleware/templates/rescues/diagnostics.html.erb within rescues/layout (68.5ms)
  Rendered /Users/Jonah/.rbenv/versions/2.2.1/lib/ruby/gems/2.2.0/gems/web-console-2.3.0/lib/web_console/templates/_markup.html.erb (0.6ms)
  Rendered /Users/Jonah/.rbenv/versions/2.2.1/lib/ruby/gems/2.2.0/gems/web-console-2.3.0/lib/web_console/templates/_inner_console_markup.html.erb within layouts/inlined_string (0.6ms)
  Rendered /Users/Jonah/.rbenv/versions/2.2.1/lib/ruby/gems/2.2.0/gems/web-console-2.3.0/lib/web_console/templates/_prompt_box_markup.html.erb within layouts/inlined_string (0.4ms)
  Rendered /Users/Jonah/.rbenv/versions/2.2.1/lib/ruby/gems/2.2.0/gems/web-console-2.3.0/lib/web_console/templates/style.css.erb within layouts/inlined_string (0.3ms)
  Rendered /Users/Jonah/.rbenv/versions/2.2.1/lib/ruby/gems/2.2.0/gems/web-console-2.3.0/lib/web_console/templates/console.js.erb within layouts/javascript (70.7ms)
  Rendered /Users/Jonah/.rbenv/versions/2.2.1/lib/ruby/gems/2.2.0/gems/web-console-2.3.0/lib/web_console/templates/main.js.erb within layouts/javascript (0.4ms)
  Rendered /Users/Jonah/.rbenv/versions/2.2.1/lib/ruby/gems/2.2.0/gems/web-console-2.3.0/lib/web_console/templates/error_page.js.erb within layouts/javascript (0.8ms)
  Rendered /Users/Jonah/.rbenv/versions/2.2.1/lib/ruby/gems/2.2.0/gems/web-console-2.3.0/lib/web_console/templates/index.html.erb (153.9ms)


Started GET "/instructors" for ::1 at 2016-02-22 14:37:59 -0800
Processing by InstructorsController#index as HTML
  [1m[36mInstructor Load (0.4ms)[0m  [1mSELECT "instructors".* FROM "instructors"[0m
  [1m[35m (0.3ms)[0m  SELECT COUNT(*) FROM "courses" WHERE "courses"."instructor_id" = $1  [["instructor_id", 1]]
  Rendered instructors/index.html.erb within layouts/application (13.6ms)
Completed 200 OK in 70ms (Views: 63.7ms | ActiveRecord: 3.9ms)


Started GET "/assets/rails_bootstrap_forms.self-10cb7d2aef696c4062f219f6678eed1d57c254a6717cea25d021726a4b9a214c.css?body=1" for ::1 at 2016-02-22 14:37:59 -0800


Started GET "/assets/instructors.self-e3b0c44298fc1c149afbf4c8996fb92427ae41e4649b934ca495991b7852b855.css?body=1" for ::1 at 2016-02-22 14:37:59 -0800


Started GET "/assets/jquery_ujs.self-d602bdfe68ffc63b9f9cc512872aa3cfff046228a0a36e90dd476e8ef54c1b09.js?body=1" for ::1 at 2016-02-22 14:37:59 -0800


Started GET "/assets/turbolinks.self-c37727e9bd6b2735da5c311aa83fead54ed0be6cc8bd9a65309e9c5abe2cbfff.js?body=1" for ::1 at 2016-02-22 14:37:59 -0800


Started GET "/assets/application.self-998b51763d8295f4a7204c4814b0310e6d757d9130cbcb6ed70d6d029a848529.css?body=1" for ::1 at 2016-02-22 14:37:59 -0800


Started GET "/assets/bootstrap/affix.self-d2b642d8fbfc1d7041e2edefd66683ada567a980789dcd6f94fddda0b33408b5.js?body=1" for ::1 at 2016-02-22 14:37:59 -0800


Started GET "/assets/jquery.self-c64a74367bda6ef8b860f19e74df08927ca99d2be2ac934e9e92d5fd361e0da4.js?body=1" for ::1 at 2016-02-22 14:37:59 -0800


Started GET "/assets/bootstrap/alert.self-a29e91e8cd3ddaba9bbc466901d53ec2127e9256b9b941905d525a3a716bd1a5.js?body=1" for ::1 at 2016-02-22 14:37:59 -0800


Started GET "/assets/bootstrap/button.self-a6cb16785434acb365ae426aef9f1fce05ed553cae7a965e4471c3da71509175.js?body=1" for ::1 at 2016-02-22 14:37:59 -0800


Started GET "/assets/bootstrap/carousel.self-57eb8422043cf0a85b7a9dc6843916eb0a3e35b419c7798a5eb254b918997631.js?body=1" for ::1 at 2016-02-22 14:37:59 -0800


Started GET "/assets/bootstrap/collapse.self-7dc8bfbc2fbfabd2bad62c58ff8ffeaf8f20fb87c7ca6cd35f06d4dc19632587.js?body=1" for ::1 at 2016-02-22 14:37:59 -0800


Started GET "/assets/bootstrap/dropdown.self-9314126777c6be5443e37ea7f7967d7914d72b3e60449ba50edc967446373059.js?body=1" for ::1 at 2016-02-22 14:37:59 -0800


Started GET "/assets/bootstrap/tab.self-122235057fbd4c6c7da377d59dc58f47b44cb1088a2e38e6ee6ce9d8ac29a26a.js?body=1" for ::1 at 2016-02-22 14:37:59 -0800


Started GET "/assets/bootstrap/transition.self-09ff30b1e8a93d1f7728b9855f55d9c9d8d5734c8861e0d8139994e50944572a.js?body=1" for ::1 at 2016-02-22 14:37:59 -0800


Started GET "/assets/bootstrap/scrollspy.self-a155b9d4b2f978905f0326c0f6635e1134fe91c6bfbfcbad079fa24a9fef2b0e.js?body=1" for ::1 at 2016-02-22 14:38:00 -0800


Started GET "/assets/bootstrap/modal.self-72f95ffa1071297725a9ac91989693d56d1abf23f441a47455073b0da2857a5b.js?body=1" for ::1 at 2016-02-22 14:38:00 -0800


Started GET "/assets/bootstrap/tooltip.self-11cf547be953f25f511cec668f6690473fd97b2f65502e4032f4030999a3f0c3.js?body=1" for ::1 at 2016-02-22 14:38:00 -0800


Started GET "/assets/bootstrap/popover.self-77d8e3a2499c1104ef146396a68b82469ee2bdb365199b874694698d10405e9a.js?body=1" for ::1 at 2016-02-22 14:38:00 -0800


Started GET "/assets/bootstrap-sprockets.self-fbfa5ad7d9aa0afe439ec4ff3883acc4cb92b62cb67c40d674320c9aa1d4642d.js?body=1" for ::1 at 2016-02-22 14:38:00 -0800


Started GET "/assets/bootstrap.self-cdea7efeac1597b89ddd6fd86b0e8e0bec5d5fb1fac9c6e8a045f2c59eef2d13.js?body=1" for ::1 at 2016-02-22 14:38:00 -0800


Started GET "/assets/instructors.self-877aef30ae1b040ab8a3aba4e3e309a11d7f2612f44dde450b5c157aa5f95c05.js?body=1" for ::1 at 2016-02-22 14:38:00 -0800


Started GET "/assets/application.self-7862a8a8b42407b4741a1adeeea35f0d13ddc4f702ec532adb0674491d296495.js?body=1" for ::1 at 2016-02-22 14:38:00 -0800


Started GET "/instructors/new" for ::1 at 2016-02-22 14:38:03 -0800
Processing by InstructorsController#new as HTML
  Rendered instructors/new.html.erb within layouts/application (2.7ms)
Completed 200 OK in 55ms (Views: 54.1ms | ActiveRecord: 0.0ms)


Started POST "/instructors" for ::1 at 2016-02-22 14:38:15 -0800
Processing by InstructorsController#create as HTML
  Parameters: {"utf8"=>"✓", "authenticity_token"=>"KdY3T12xsXrfM2bzEOG+KNpbBwSUJAeR/5mSMrjst3yd+3FbtF1r3Bkh7uwqfXc9Z2ZVygRJu8Een3wFnKGqzA==", "instructor"=>{"name"=>"doomed", "password"=>"[FILTERED]"}, "commit"=>"Create Instructor"}
  [1m[36m (0.2ms)[0m  [1mBEGIN[0m
  [1m[35mSQL (0.3ms)[0m  INSERT INTO "instructors" ("name", "password_digest", "created_at", "updated_at") VALUES ($1, $2, $3, $4) RETURNING "id"  [["name", "doomed"], ["password_digest", "$2a$10$aRAsK/qcFUfO37StpH1hXOqdoDENjYA7WfMoZ532/nQkiNxjftMXG"], ["created_at", "2016-02-22 22:38:15.331538"], ["updated_at", "2016-02-22 22:38:15.331538"]]
  [1m[36m (2.2ms)[0m  [1mCOMMIT[0m
Redirected to http://localhost:3000/instructors
Completed 302 Found in 82ms (ActiveRecord: 2.7ms)


Started GET "/instructors" for ::1 at 2016-02-22 14:38:15 -0800
Processing by InstructorsController#index as HTML
  [1m[35mInstructor Load (0.4ms)[0m  SELECT "instructors".* FROM "instructors"
  [1m[36m (0.3ms)[0m  [1mSELECT COUNT(*) FROM "courses" WHERE "courses"."instructor_id" = $1[0m  [["instructor_id", 1]]
  [1m[35m (0.4ms)[0m  SELECT COUNT(*) FROM "courses" WHERE "courses"."instructor_id" = $1  [["instructor_id", 2]]
  Rendered instructors/index.html.erb within layouts/application (4.1ms)
Completed 200 OK in 56ms (Views: 54.5ms | ActiveRecord: 1.0ms)


Started GET "/instructors/2/edit" for ::1 at 2016-02-22 14:38:18 -0800
Processing by InstructorsController#edit as HTML
  Parameters: {"id"=>"2"}
  [1m[36mInstructor Load (0.5ms)[0m  [1mSELECT  "instructors".* FROM "instructors" WHERE "instructors"."id" = $1 LIMIT 1[0m  [["id", 2]]
  Rendered instructors/edit.html.erb within layouts/application (2.8ms)
Completed 200 OK in 74ms (Views: 54.1ms | ActiveRecord: 0.5ms)


Started PATCH "/instructors/2" for ::1 at 2016-02-22 14:38:22 -0800
Processing by InstructorsController#update as HTML
  Parameters: {"utf8"=>"✓", "authenticity_token"=>"TgogRfog+Yp3SGWI+1jpKSkyhOahBFFIjKthXofsnbX6J2ZRE8wjLLFa7ZfBxCA8lA/WKDFp7RhtrY9po6GABQ==", "instructor"=>{"name"=>"doomed!", "password"=>"[FILTERED]"}, "commit"=>"Update Instructor", "id"=>"2"}
  [1m[35mInstructor Load (0.8ms)[0m  SELECT  "instructors".* FROM "instructors" WHERE "instructors"."id" = $1 LIMIT 1  [["id", 2]]
Completed 500 Internal Server Error in 3ms (ActiveRecord: 0.8ms)

ArgumentError (wrong number of arguments (0 for 1)):
  app/controllers/instructors_controller.rb:30:in `update'


  Rendered /Users/Jonah/.rbenv/versions/2.2.1/lib/ruby/gems/2.2.0/gems/actionpack-4.2.4/lib/action_dispatch/middleware/templates/rescues/_source.erb (4.8ms)
  Rendered /Users/Jonah/.rbenv/versions/2.2.1/lib/ruby/gems/2.2.0/gems/actionpack-4.2.4/lib/action_dispatch/middleware/templates/rescues/_trace.html.erb (2.7ms)
  Rendered /Users/Jonah/.rbenv/versions/2.2.1/lib/ruby/gems/2.2.0/gems/actionpack-4.2.4/lib/action_dispatch/middleware/templates/rescues/_request_and_response.html.erb (1.1ms)
  Rendered /Users/Jonah/.rbenv/versions/2.2.1/lib/ruby/gems/2.2.0/gems/actionpack-4.2.4/lib/action_dispatch/middleware/templates/rescues/diagnostics.html.erb within rescues/layout (69.3ms)
  Rendered /Users/Jonah/.rbenv/versions/2.2.1/lib/ruby/gems/2.2.0/gems/web-console-2.3.0/lib/web_console/templates/_markup.html.erb (0.6ms)
  Rendered /Users/Jonah/.rbenv/versions/2.2.1/lib/ruby/gems/2.2.0/gems/web-console-2.3.0/lib/web_console/templates/_inner_console_markup.html.erb within layouts/inlined_string (0.4ms)
  Rendered /Users/Jonah/.rbenv/versions/2.2.1/lib/ruby/gems/2.2.0/gems/web-console-2.3.0/lib/web_console/templates/_prompt_box_markup.html.erb within layouts/inlined_string (0.4ms)
  Rendered /Users/Jonah/.rbenv/versions/2.2.1/lib/ruby/gems/2.2.0/gems/web-console-2.3.0/lib/web_console/templates/style.css.erb within layouts/inlined_string (0.4ms)
  Rendered /Users/Jonah/.rbenv/versions/2.2.1/lib/ruby/gems/2.2.0/gems/web-console-2.3.0/lib/web_console/templates/console.js.erb within layouts/javascript (54.9ms)
  Rendered /Users/Jonah/.rbenv/versions/2.2.1/lib/ruby/gems/2.2.0/gems/web-console-2.3.0/lib/web_console/templates/main.js.erb within layouts/javascript (0.3ms)
  Rendered /Users/Jonah/.rbenv/versions/2.2.1/lib/ruby/gems/2.2.0/gems/web-console-2.3.0/lib/web_console/templates/error_page.js.erb within layouts/javascript (0.5ms)
  Rendered /Users/Jonah/.rbenv/versions/2.2.1/lib/ruby/gems/2.2.0/gems/web-console-2.3.0/lib/web_console/templates/index.html.erb (126.9ms)


Started PATCH "/instructors/2" for ::1 at 2016-02-22 14:39:08 -0800
Processing by InstructorsController#update as HTML
  Parameters: {"utf8"=>"✓", "authenticity_token"=>"TgogRfog+Yp3SGWI+1jpKSkyhOahBFFIjKthXofsnbX6J2ZRE8wjLLFa7ZfBxCA8lA/WKDFp7RhtrY9po6GABQ==", "instructor"=>{"name"=>"doomed!", "password"=>"[FILTERED]"}, "commit"=>"Update Instructor", "id"=>"2"}
  [1m[36mInstructor Load (0.4ms)[0m  [1mSELECT  "instructors".* FROM "instructors" WHERE "instructors"."id" = $1 LIMIT 1[0m  [["id", 2]]
  [1m[35m (0.2ms)[0m  BEGIN
  [1m[36mSQL (4.4ms)[0m  [1mUPDATE "instructors" SET "name" = $1, "password_digest" = $2, "updated_at" = $3 WHERE "instructors"."id" = $4[0m  [["name", "doomed!"], ["password_digest", "$2a$10$tolPxvOOcxOo9BIqTQJNY.ufxEZ3tjbFVCdrJNPVjPlgQcydqDVtq"], ["updated_at", "2016-02-22 22:39:08.298659"], ["id", 2]]
  [1m[35m (2.9ms)[0m  COMMIT
Redirected to http://localhost:3000/instructors
Completed 302 Found in 104ms (ActiveRecord: 10.6ms)


Started GET "/instructors" for ::1 at 2016-02-22 14:39:08 -0800
Processing by InstructorsController#index as HTML
  [1m[36mInstructor Load (0.4ms)[0m  [1mSELECT "instructors".* FROM "instructors"[0m
  [1m[35m (0.3ms)[0m  SELECT COUNT(*) FROM "courses" WHERE "courses"."instructor_id" = $1  [["instructor_id", 1]]
  [1m[36m (0.3ms)[0m  [1mSELECT COUNT(*) FROM "courses" WHERE "courses"."instructor_id" = $1[0m  [["instructor_id", 2]]
  Rendered instructors/index.html.erb within layouts/application (11.9ms)
Completed 200 OK in 61ms (Views: 57.9ms | ActiveRecord: 2.0ms)


Started GET "/assets/instructors.self-e3b0c44298fc1c149afbf4c8996fb92427ae41e4649b934ca495991b7852b855.css?body=1" for ::1 at 2016-02-22 14:39:08 -0800


Started GET "/assets/jquery.self-c64a74367bda6ef8b860f19e74df08927ca99d2be2ac934e9e92d5fd361e0da4.js?body=1" for ::1 at 2016-02-22 14:39:08 -0800


Started GET "/assets/rails_bootstrap_forms.self-10cb7d2aef696c4062f219f6678eed1d57c254a6717cea25d021726a4b9a214c.css?body=1" for ::1 at 2016-02-22 14:39:08 -0800


Started GET "/assets/application.self-998b51763d8295f4a7204c4814b0310e6d757d9130cbcb6ed70d6d029a848529.css?body=1" for ::1 at 2016-02-22 14:39:08 -0800


Started GET "/assets/turbolinks.self-c37727e9bd6b2735da5c311aa83fead54ed0be6cc8bd9a65309e9c5abe2cbfff.js?body=1" for ::1 at 2016-02-22 14:39:08 -0800


Started GET "/assets/jquery_ujs.self-d602bdfe68ffc63b9f9cc512872aa3cfff046228a0a36e90dd476e8ef54c1b09.js?body=1" for ::1 at 2016-02-22 14:39:08 -0800


Started GET "/assets/bootstrap/button.self-a6cb16785434acb365ae426aef9f1fce05ed553cae7a965e4471c3da71509175.js?body=1" for ::1 at 2016-02-22 14:39:08 -0800


Started GET "/assets/bootstrap/affix.self-d2b642d8fbfc1d7041e2edefd66683ada567a980789dcd6f94fddda0b33408b5.js?body=1" for ::1 at 2016-02-22 14:39:08 -0800


Started GET "/assets/bootstrap/alert.self-a29e91e8cd3ddaba9bbc466901d53ec2127e9256b9b941905d525a3a716bd1a5.js?body=1" for ::1 at 2016-02-22 14:39:08 -0800


Started GET "/assets/bootstrap/carousel.self-57eb8422043cf0a85b7a9dc6843916eb0a3e35b419c7798a5eb254b918997631.js?body=1" for ::1 at 2016-02-22 14:39:08 -0800


Started GET "/assets/bootstrap/collapse.self-7dc8bfbc2fbfabd2bad62c58ff8ffeaf8f20fb87c7ca6cd35f06d4dc19632587.js?body=1" for ::1 at 2016-02-22 14:39:08 -0800


Started GET "/assets/bootstrap/dropdown.self-9314126777c6be5443e37ea7f7967d7914d72b3e60449ba50edc967446373059.js?body=1" for ::1 at 2016-02-22 14:39:08 -0800


Started GET "/assets/bootstrap/tab.self-122235057fbd4c6c7da377d59dc58f47b44cb1088a2e38e6ee6ce9d8ac29a26a.js?body=1" for ::1 at 2016-02-22 14:39:08 -0800


Started GET "/assets/bootstrap/transition.self-09ff30b1e8a93d1f7728b9855f55d9c9d8d5734c8861e0d8139994e50944572a.js?body=1" for ::1 at 2016-02-22 14:39:08 -0800


Started GET "/assets/bootstrap/scrollspy.self-a155b9d4b2f978905f0326c0f6635e1134fe91c6bfbfcbad079fa24a9fef2b0e.js?body=1" for ::1 at 2016-02-22 14:39:08 -0800


Started GET "/assets/bootstrap/modal.self-72f95ffa1071297725a9ac91989693d56d1abf23f441a47455073b0da2857a5b.js?body=1" for ::1 at 2016-02-22 14:39:08 -0800


Started GET "/assets/bootstrap/tooltip.self-11cf547be953f25f511cec668f6690473fd97b2f65502e4032f4030999a3f0c3.js?body=1" for ::1 at 2016-02-22 14:39:08 -0800


Started GET "/assets/bootstrap/popover.self-77d8e3a2499c1104ef146396a68b82469ee2bdb365199b874694698d10405e9a.js?body=1" for ::1 at 2016-02-22 14:39:08 -0800


Started GET "/assets/bootstrap-sprockets.self-fbfa5ad7d9aa0afe439ec4ff3883acc4cb92b62cb67c40d674320c9aa1d4642d.js?body=1" for ::1 at 2016-02-22 14:39:08 -0800


Started GET "/assets/bootstrap.self-cdea7efeac1597b89ddd6fd86b0e8e0bec5d5fb1fac9c6e8a045f2c59eef2d13.js?body=1" for ::1 at 2016-02-22 14:39:08 -0800


Started GET "/assets/instructors.self-877aef30ae1b040ab8a3aba4e3e309a11d7f2612f44dde450b5c157aa5f95c05.js?body=1" for ::1 at 2016-02-22 14:39:08 -0800


Started GET "/assets/application.self-7862a8a8b42407b4741a1adeeea35f0d13ddc4f702ec532adb0674491d296495.js?body=1" for ::1 at 2016-02-22 14:39:08 -0800
